#
# There is insufficient memory for the Java Runtime Environment to continue.
# Native memory allocation (mmap) failed to map 134217728 bytes for G1 virtual space
# Possible reasons:
#   The system is out of physical RAM or swap space
#   The process is running with CompressedOops enabled, and the Java Heap may be blocking the growth of the native heap
# Possible solutions:
#   Reduce memory load on the system
#   Increase physical memory or swap space
#   Check if swap backing store is full
#   Decrease Java heap size (-Xmx/-Xms)
#   Decrease number of Java threads
#   Decrease Java thread stack sizes (-Xss)
#   Set larger code cache with -XX:ReservedCodeCacheSize=
#   JVM is running with Unscaled Compressed Oops mode in which the Java heap is
#     placed in the first 4GB address space. The Java Heap base address is the
#     maximum limit for the native heap growth. Please use -XX:HeapBaseMinAddress
#     to set the Java Heap base and to place the Java Heap above 4GB virtual address.
# This output file may be truncated or incomplete.
#
#  Out of Memory Error (os_windows.cpp:3466), pid=6964, tid=2000
#
# JRE version:  (16.0.1+9) (build )
# Java VM: OpenJDK 64-Bit Server VM (16.0.1+9-24, mixed mode, sharing, tiered, compressed oops, compressed class ptrs, g1 gc, windows-amd64)
# No core dump will be written. Minidumps are not enabled by default on client versions of Windows
#

---------------  S U M M A R Y ------------

Command Line: -Dfile.encoding=Cp1252 -XX:+ShowCodeDetailsInExceptionMessages BankingSystem.BankTest

Host: Intel(R) Core(TM) i7-4710HQ CPU @ 2.50GHz, 8 cores, 7G,  Windows 10 , 64 bit Build 19041 (10.0.19041.1023)
Time: Fri Jul  9 16:47:07 2021 Eastern Daylight Time elapsed time: 0.013208 seconds (0d 0h 0m 0s)

---------------  T H R E A D  ---------------

Current thread (0x000002aeb38ad6d0):  JavaThread "Unknown thread" [_thread_in_vm, id=2000, stack(0x000000c2c8300000,0x000000c2c8400000)]

Stack: [0x000000c2c8300000,0x000000c2c8400000]
Native frames: (J=compiled Java code, j=interpreted, Vv=VM code, C=native code)
V  [jvm.dll+0x6687ca]
V  [jvm.dll+0x7ca3c9]
V  [jvm.dll+0x7cbb53]
V  [jvm.dll+0x7cc1b3]
V  [jvm.dll+0x242ea5]
V  [jvm.dll+0x665589]
V  [jvm.dll+0x65a175]
V  [jvm.dll+0x2fc5ab]
V  [jvm.dll+0x3037a6]
V  [jvm.dll+0x352fee]
V  [jvm.dll+0x35321f]
V  [jvm.dll+0x2d3618]
V  [jvm.dll+0x2d4854]
V  [jvm.dll+0x79ccb1]
V  [jvm.dll+0x360de1]
V  [jvm.dll+0x77a990]
V  [jvm.dll+0x3e55af]
V  [jvm.dll+0x3e7081]
C  [jli.dll+0x52fb]
C  [ucrtbase.dll+0x21bb2]
C  [KERNEL32.DLL+0x17034]
C  [ntdll.dll+0x52651]


---------------  P R O C E S S  ---------------

Threads class SMR info:
_java_thread_list=0x00007ffb6e95cbb8, length=0, elements={
}

Java Threads: ( => current thread )

Other Threads:
  0x000002aeb38edb00 GCTaskThread "GC Thread#0" [stack: 0x000000c2c8400000,0x000000c2c8500000] [id=9876]
  0x000002aeb38ff170 ConcurrentGCThread "G1 Main Marker" [stack: 0x000000c2c8500000,0x000000c2c8600000] [id=1564]
  0x000002aeb38ffc60 ConcurrentGCThread "G1 Conc#0" [stack: 0x000000c2c8600000,0x000000c2c8700000] [id=17376]

[error occurred during error reporting (printing all threads), id 0xc0000005, EXCEPTION_ACCESS_VIOLATION (0xc0000005) at pc=0x00007ffb6e1344d7]

VM state: not at safepoint (not fully initialized)

VM Mutex/Monitor currently owned by a thread:  ([mutex/lock_event])
[0x000002aeb38aa510] Heap_lock - owner thread: 0x000002aeb38ad6d0

Heap address: 0x0000000081400000, size: 2028 MB, Compressed Oops mode: 32-bit

CDS archive(s) mapped at: [0x0000000000000000-0x0000000000000000-0x0000000000000000), size 0, SharedBaseAddress: 0x0000000800000000, ArchiveRelocationMode: 0.
Narrow klass base: 0x0000000000000000, Narrow klass shift: 0, Narrow klass range: 0x0

GC Precious Log:
<Empty>

Heap:
 garbage-first heap   total 0K, used 0K [0x0000000081400000, 0x0000000100000000)
  region size 1024K, 0 young (0K), 0 survivors (0K)

[error occurred during error reporting (printing heap information), id 0xc0000005, EXCEPTION_ACCESS_VIOLATION (0xc0000005) at pc=0x00007ffb6e5124ed]

GC Heap History (0 events):
No events

Deoptimization events (0 events):
No events

Classes unloaded (0 events):
No events

Classes redefined (0 events):
No events

Internal exceptions (0 events):
No events

Events (1 events):
Event: 0.008 Loaded shared library D:\Program Files\eclipse\eclipse-java-2021-06-R-win32-x86_64\eclipse\plugins\org.eclipse.justj.openjdk.hotspot.jre.full.win32.x86_64_16.0.1.v20210528-1205\jre\bin\java.dll


Dynamic libraries:
0x00007ff6d85d0000 - 0x00007ff6d85de000 	D:\Program Files\eclipse\eclipse-java-2021-06-R-win32-x86_64\eclipse\plugins\org.eclipse.justj.openjdk.hotspot.jre.full.win32.x86_64_16.0.1.v20210528-1205\jre\bin\javaw.exe
0x00007ffb8cb10000 - 0x00007ffb8cd05000 	C:\windows\SYSTEM32\ntdll.dll
0x00007ffb8bd40000 - 0x00007ffb8bdfd000 	C:\windows\System32\KERNEL32.DLL
0x00007ffb8a250000 - 0x00007ffb8a518000 	C:\windows\System32\KERNELBASE.dll
0x00007ffb8aa80000 - 0x00007ffb8ab80000 	C:\windows\System32\ucrtbase.dll
0x00007ffb860c0000 - 0x00007ffb860d8000 	D:\Program Files\eclipse\eclipse-java-2021-06-R-win32-x86_64\eclipse\plugins\org.eclipse.justj.openjdk.hotspot.jre.full.win32.x86_64_16.0.1.v20210528-1205\jre\bin\jli.dll
0x00007ffb860a0000 - 0x00007ffb860b9000 	D:\Program Files\eclipse\eclipse-java-2021-06-R-win32-x86_64\eclipse\plugins\org.eclipse.justj.openjdk.hotspot.jre.full.win32.x86_64_16.0.1.v20210528-1205\jre\bin\VCRUNTIME140.dll
0x00007ffb8c8a0000 - 0x00007ffb8ca40000 	C:\windows\System32\USER32.dll
0x00007ffb8a8f0000 - 0x00007ffb8a912000 	C:\windows\System32\win32u.dll
0x00007ffb74ea0000 - 0x00007ffb7513a000 	C:\windows\WinSxS\amd64_microsoft.windows.common-controls_6595b64144ccf1df_6.0.19041.1052_none_60b8f8fd71f5e8cb\COMCTL32.dll
0x00007ffb8be20000 - 0x00007ffb8be4a000 	C:\windows\System32\GDI32.dll
0x00007ffb8ac70000 - 0x00007ffb8ad0e000 	C:\windows\System32\msvcrt.dll
0x00007ffb8a520000 - 0x00007ffb8a62b000 	C:\windows\System32\gdi32full.dll
0x00007ffb8a850000 - 0x00007ffb8a8ed000 	C:\windows\System32\msvcp_win.dll
0x00007ffb8b350000 - 0x00007ffb8b380000 	C:\windows\System32\IMM32.DLL
0x00007ffb85fd0000 - 0x00007ffb85fdc000 	D:\Program Files\eclipse\eclipse-java-2021-06-R-win32-x86_64\eclipse\plugins\org.eclipse.justj.openjdk.hotspot.jre.full.win32.x86_64_16.0.1.v20210528-1205\jre\bin\vcruntime140_1.dll
0x00007ffb7a110000 - 0x00007ffb7a1a1000 	D:\Program Files\eclipse\eclipse-java-2021-06-R-win32-x86_64\eclipse\plugins\org.eclipse.justj.openjdk.hotspot.jre.full.win32.x86_64_16.0.1.v20210528-1205\jre\bin\msvcp140.dll
0x00007ffb6de50000 - 0x00007ffb6e9fb000 	D:\Program Files\eclipse\eclipse-java-2021-06-R-win32-x86_64\eclipse\plugins\org.eclipse.justj.openjdk.hotspot.jre.full.win32.x86_64_16.0.1.v20210528-1205\jre\bin\server\jvm.dll
0x00007ffb8ad10000 - 0x00007ffb8adbc000 	C:\windows\System32\ADVAPI32.dll
0x00007ffb8adc0000 - 0x00007ffb8ae5b000 	C:\windows\System32\sechost.dll
0x00007ffb8b220000 - 0x00007ffb8b34b000 	C:\windows\System32\RPCRT4.dll
0x00007ffb8c7d0000 - 0x00007ffb8c7d8000 	C:\windows\System32\PSAPI.DLL
0x00007ffb74da0000 - 0x00007ffb74da9000 	C:\windows\SYSTEM32\WSOCK32.dll
0x00007ffb7a830000 - 0x00007ffb7a857000 	C:\windows\SYSTEM32\WINMM.dll
0x00007ffb8bcd0000 - 0x00007ffb8bd3b000 	C:\windows\System32\WS2_32.dll
0x00007ffb82bb0000 - 0x00007ffb82bba000 	C:\windows\SYSTEM32\VERSION.dll
0x00007ffb881a0000 - 0x00007ffb881b2000 	C:\windows\SYSTEM32\kernel.appcore.dll
0x00007ffb84ef0000 - 0x00007ffb84efa000 	D:\Program Files\eclipse\eclipse-java-2021-06-R-win32-x86_64\eclipse\plugins\org.eclipse.justj.openjdk.hotspot.jre.full.win32.x86_64_16.0.1.v20210528-1205\jre\bin\jimage.dll
0x00007ffb7b220000 - 0x00007ffb7b404000 	C:\windows\SYSTEM32\DBGHELP.DLL
0x00007ffb72f00000 - 0x00007ffb72f2c000 	C:\windows\SYSTEM32\dbgcore.DLL
0x00007ffb8a630000 - 0x00007ffb8a6b3000 	C:\windows\System32\bcryptPrimitives.dll
0x00007ffb84940000 - 0x00007ffb84965000 	D:\Program Files\eclipse\eclipse-java-2021-06-R-win32-x86_64\eclipse\plugins\org.eclipse.justj.openjdk.hotspot.jre.full.win32.x86_64_16.0.1.v20210528-1205\jre\bin\java.dll

dbghelp: loaded successfully - version: 4.0.5 - missing functions: none
symbol engine: initialized successfully - sym options: 0x614 - pdb path: .;D:\Program Files\eclipse\eclipse-java-2021-06-R-win32-x86_64\eclipse\plugins\org.eclipse.justj.openjdk.hotspot.jre.full.win32.x86_64_16.0.1.v20210528-1205\jre\bin;C:\windows\SYSTEM32;C:\windows\WinSxS\amd64_microsoft.windows.common-controls_6595b64144ccf1df_6.0.19041.1052_none_60b8f8fd71f5e8cb;D:\Program Files\eclipse\eclipse-java-2021-06-R-win32-x86_64\eclipse\plugins\org.eclipse.justj.openjdk.hotspot.jre.full.win32.x86_64_16.0.1.v20210528-1205\jre\bin\server

VM Arguments:
jvm_args: -Dfile.encoding=Cp1252 -XX:+ShowCodeDetailsInExceptionMessages 
java_command: BankingSystem.BankTest
java_class_path (initial): D:\OneDrive\JAVA\2021S_Lab\Lab4\bin
Launcher Type: SUN_STANDARD

[Global flags]
     intx CICompilerCount                          = 4                                         {product} {ergonomic}
     uint ConcGCThreads                            = 2                                         {product} {ergonomic}
     uint G1ConcRefinementThreads                  = 8                                         {product} {ergonomic}
   size_t G1HeapRegionSize                         = 1048576                                   {product} {ergonomic}
    uintx GCDrainStackTargetSize                   = 64                                        {product} {ergonomic}
   size_t InitialHeapSize                          = 134217728                                 {product} {ergonomic}
   size_t MarkStackSize                            = 4194304                                   {product} {ergonomic}
   size_t MaxHeapSize                              = 2126512128                                {product} {ergonomic}
   size_t MinHeapDeltaBytes                        = 1048576                                   {product} {ergonomic}
   size_t MinHeapSize                              = 8388608                                   {product} {ergonomic}
    uintx NonNMethodCodeHeapSize                   = 5839372                                {pd product} {ergonomic}
    uintx NonProfiledCodeHeapSize                  = 122909434                              {pd product} {ergonomic}
    uintx ProfiledCodeHeapSize                     = 122909434                              {pd product} {ergonomic}
    uintx ReservedCodeCacheSize                    = 251658240                              {pd product} {ergonomic}
     bool SegmentedCodeCache                       = true                                      {product} {ergonomic}
     bool ShowCodeDetailsInExceptionMessages       = true                                   {manageable} {command line}
   size_t SoftMaxHeapSize                          = 2126512128                             {manageable} {ergonomic}
     bool UseCompressedClassPointers               = true                           {product lp64_product} {ergonomic}
     bool UseCompressedOops                        = true                           {product lp64_product} {ergonomic}
     bool UseG1GC                                  = true                                      {product} {ergonomic}
     bool UseLargePagesIndividualAllocation        = false                                  {pd product} {ergonomic}

Logging:
Log output configuration:
 #0: stdout all=warning uptime,level,tags
 #1: stderr all=off uptime,level,tags

Environment Variables:
JAVA_HOME=C:\Amazon Corretto\jdk11.0.9_12
PATH=D:/Program Files/eclipse/eclipse-java-2021-06-R-win32-x86_64/eclipse//plugins/org.eclipse.justj.openjdk.hotspot.jre.full.win32.x86_64_16.0.1.v20210528-1205/jre/bin/server;D:/Program Files/eclipse/eclipse-java-2021-06-R-win32-x86_64/eclipse//plugins/org.eclipse.justj.openjdk.hotspot.jre.full.win32.x86_64_16.0.1.v20210528-1205/jre/bin;C:\Program Files (x86)\VMware\VMware Workstation\bin\;C:\Amazon Corretto\jdk11.0.9_12\bin;C:\WINDOWS\system32;C:\Windows;C:\Program Files (x86)\IntelSWTools\compilers_and_libraries_2016.0.110\windows\mpi\intel64\bin;C:\Windows\system32;C:\Windows\System32\Wbem;C:\Windows\System32\WindowsPowerShell\v1.0\;C:\Program Files\Intel\WiFi\bin\;C:\Program Files\Common Files\Intel\WirelessCommon\;C:\Program Files (x86)\NVIDIA Corporation\PhysX\Common;C:\WINDOWS;C:\WINDOWS\System32\Wbem;C:\WINDOWS\System32\WindowsPowerShell\v1.0\;C:\Program Files (x86)\Skype\Phone\;C:\Program Files\Microsoft SQL Server\120\Tools\Binn\;C:\Program Files\Common Files\Autodesk Shared\;C:\Program Files\NVIDIA Corporation\NVIDIA NvDLISR;C:\windows\system32;C:\windows;C:\windows\System32\Wbem;C:\windows\System32\WindowsPowerShell\v1.0\;C:\windows\System32\OpenSSH\;C:\Program Files\Git\cmd;c:\Python;C:\Amazon Corretto\jdk11.0.9_12\bin;C:\Users\Zhang\AppData\Local\Programs\Python\Python37\Scripts\;C:\Users\Zhang\AppData\Local\Programs\Python\Python37\;C:\Users\Zhang\AppData\Local\Programs\Python\Python39\Scripts\;C:\Users\Zhang\AppData\Local\Programs\Python\Python39\;C:\Program Files\Intel\WiFi\bin\;C:\Program Files\Common Files\Intel\WirelessCommon\;C:\Users\Zhang\AppData\Local\Microsoft\WindowsApps;C:\Users\Zhang\AppData\Local\GitHubDesktop\bin;C:\Users\Zhang\AppData\Local\atom\bin;D:\Program Files\eclipse\eclipse-java-2021-06-R-win32-x86_64\eclipse;
USERNAME=Zhang
OS=Windows_NT
PROCESSOR_IDENTIFIER=Intel64 Family 6 Model 60 Stepping 3, GenuineIntel



---------------  S Y S T E M  ---------------

OS:
 Windows 10 , 64 bit Build 19041 (10.0.19041.1023)
OS uptime: 0 days 5:58 hours

CPU: total 8 (initial active 8) (4 cores per cpu, 2 threads per core) family 6 model 60 stepping 3 microcode 0x27, cx8, cmov, fxsr, ht, mmx, sse, sse2, sse3, ssse3, sse4.1, sse4.2, popcnt, lzcnt, tsc, tscinvbit, avx, avx2, aes, erms, clmul, bmi1, bmi2, fma, vzeroupper, clflush

Memory: 4k page, system-wide physical 8104M (2327M free)
TotalPageFile size 9104M (AvailPageFile size 25M)
current process WorkingSet (physical memory assigned to process): 10M, peak: 10M
current process commit charge ("private bytes"): 59M, peak: 187M

vm_info: OpenJDK 64-Bit Server VM (16.0.1+9-24) for windows-amd64 JRE (16.0.1+9-24), built on Mar 26 2021 19:30:07 by "mach5one" with MS VC++ 16.7 (VS2019)

END.
