#
# There is insufficient memory for the Java Runtime Environment to continue.
# Native memory allocation (mmap) failed to map 134217728 bytes for Failed to commit area from 0x0000000081400000 to 0x0000000089400000 of length 134217728.
# Possible reasons:
#   The system is out of physical RAM or swap space
#   The process is running with CompressedOops enabled, and the Java Heap may be blocking the growth of the native heap
# Possible solutions:
#   Reduce memory load on the system
#   Increase physical memory or swap space
#   Check if swap backing store is full
#   Decrease Java heap size (-Xmx/-Xms)
#   Decrease number of Java threads
#   Decrease Java thread stack sizes (-Xss)
#   Set larger code cache with -XX:ReservedCodeCacheSize=
# This output file may be truncated or incomplete.
#
#  Out of Memory Error (./src/hotspot/os/windows/os_windows.cpp:3303), pid=14148, tid=3212
#
# JRE version:  (11.0.9.1+12) (build )
# Java VM: OpenJDK 64-Bit Server VM (11.0.9.1+12-LTS, mixed mode, sharing, tiered, compressed oops, g1 gc, windows-amd64)
# No core dump will be written. Minidumps are not enabled by default on client versions of Windows
#

---------------  S U M M A R Y ------------

Command Line: -Dfile.encoding=GBK Lab2

Host: Intel(R) Core(TM) i7-4710HQ CPU @ 2.50GHz, 8 cores, 7G,  Windows 10 , 64 bit Build 19041 (10.0.19041.928)
Time: Thu May 20 22:49:38 2021 Eastern Daylight Time elapsed time: 0.010823 seconds (0d 0h 0m 0s)

---------------  T H R E A D  ---------------

Current thread (0x000002b7c6a96000):  JavaThread "Unknown thread" [_thread_in_vm, id=3212, stack(0x000000f282300000,0x000000f282400000)]

Stack: [0x000000f282300000,0x000000f282400000]
Native frames: (J=compiled Java code, j=interpreted, Vv=VM code, C=native code)
V  [jvm.dll+0x5f504a]
V  [jvm.dll+0x77d3ee]
V  [jvm.dll+0x77eabf]
V  [jvm.dll+0x77f183]
V  [jvm.dll+0x247668]
V  [jvm.dll+0x5f22aa]
V  [jvm.dll+0x5e6ef5]
V  [jvm.dll+0x2fc8bc]
V  [jvm.dll+0x2fc742]
V  [jvm.dll+0x3013f6]
V  [jvm.dll+0x345c6f]
V  [jvm.dll+0x3456a0]
V  [jvm.dll+0x2d9b18]
V  [jvm.dll+0x2dac66]
V  [jvm.dll+0x758db7]
V  [jvm.dll+0x75a53f]
V  [jvm.dll+0x352a69]
V  [jvm.dll+0x73c040]
V  [jvm.dll+0x3ba28f]
V  [jvm.dll+0x3bc731]
C  [jli.dll+0x5207]
C  [ucrtbase.dll+0x21bb2]
C  [KERNEL32.DLL+0x17034]
C  [ntdll.dll+0x52651]


---------------  P R O C E S S  ---------------

Threads class SMR info:
_java_thread_list=0x000002b7c5111c20, length=0, elements={
}

Java Threads: ( => current thread )

Other Threads:
  0x000002b7c6aae000 GCTaskThread "GC Thread#0" [stack: 0x000000f282400000,0x000000f282500000] [id=11200]
  0x000002b7c6ae5800 ConcurrentGCThread "G1 Main Marker" [stack: 0x000000f282500000,0x000000f282600000] [id=11956]
  0x000002b7c6ae6800 ConcurrentGCThread "G1 Conc#0" [stack: 0x000000f282600000,0x000000f282700000] [id=3320]

[error occurred during error reporting (printing all threads), id 0xc0000005, EXCEPTION_ACCESS_VIOLATION (0xc0000005) at pc=0x00007ff863579197]

VM state:not at safepoint (not fully initialized)

VM Mutex/Monitor currently owned by a thread:  ([mutex/lock_event])
[0x000002b7c6a95670] Heap_lock - owner thread: 0x000002b7c6a96000

Heap address: 0x0000000081400000, size: 2028 MB, Compressed Oops mode: Non-zero based: 0x0000000081400000
Narrow klass base: 0x0000000000000000, Narrow klass shift: 0

GC Heap History (0 events):
No events

Deoptimization events (0 events):
No events

Classes redefined (0 events):
No events

Internal exceptions (0 events):
No events

Events (1 events):
Event: 0.007 Loaded shared library C:\Amazon Corretto\jdk11.0.9_12\bin\zip.dll


Dynamic libraries:
0x00007ff7b9490000 - 0x00007ff7b949d000 	C:\Amazon Corretto\jdk11.0.9_12\bin\javaw.exe
0x00007ff8c3e70000 - 0x00007ff8c4065000 	C:\windows\SYSTEM32\ntdll.dll
0x00007ff8c2ae0000 - 0x00007ff8c2b9d000 	C:\windows\System32\KERNEL32.DLL
0x00007ff8c16d0000 - 0x00007ff8c1998000 	C:\windows\System32\KERNELBASE.dll
0x00007ff8c1dd0000 - 0x00007ff8c1ed0000 	C:\windows\System32\ucrtbase.dll
0x00007ff8bb660000 - 0x00007ff8bb675000 	C:\Amazon Corretto\jdk11.0.9_12\bin\VCRUNTIME140.dll
0x00007ff8bd1f0000 - 0x00007ff8bd207000 	C:\Amazon Corretto\jdk11.0.9_12\bin\jli.dll
0x00007ff8c3450000 - 0x00007ff8c35f0000 	C:\windows\System32\USER32.dll
0x00007ff8c19a0000 - 0x00007ff8c19c2000 	C:\windows\System32\win32u.dll
0x00007ff8abb20000 - 0x00007ff8abdba000 	C:\windows\WinSxS\amd64_microsoft.windows.common-controls_6595b64144ccf1df_6.0.19041.844_none_ca00b6081b84eb1d\COMCTL32.dll
0x00007ff8c21b0000 - 0x00007ff8c21da000 	C:\windows\System32\GDI32.dll
0x00007ff8c24e0000 - 0x00007ff8c257e000 	C:\windows\System32\msvcrt.dll
0x00007ff8c1a80000 - 0x00007ff8c1b8b000 	C:\windows\System32\gdi32full.dll
0x00007ff8c1630000 - 0x00007ff8c16cd000 	C:\windows\System32\msvcp_win.dll
0x00007ff8c3df0000 - 0x00007ff8c3e20000 	C:\windows\System32\IMM32.DLL
0x00007ff8af0d0000 - 0x00007ff8af16b000 	C:\Amazon Corretto\jdk11.0.9_12\bin\msvcp140.dll
0x00007ff863290000 - 0x00007ff863dd4000 	C:\Amazon Corretto\jdk11.0.9_12\bin\server\jvm.dll
0x00007ff8c2590000 - 0x00007ff8c263c000 	C:\windows\System32\ADVAPI32.dll
0x00007ff8c21e0000 - 0x00007ff8c227b000 	C:\windows\System32\sechost.dll
0x00007ff8c3600000 - 0x00007ff8c372b000 	C:\windows\System32\RPCRT4.dll
0x00007ff8c3e20000 - 0x00007ff8c3e28000 	C:\windows\System32\PSAPI.DLL
0x00007ff8b28f0000 - 0x00007ff8b2917000 	C:\windows\SYSTEM32\WINMM.dll
0x00007ff8bbea0000 - 0x00007ff8bbea9000 	C:\windows\SYSTEM32\WSOCK32.dll
0x00007ff8b9e00000 - 0x00007ff8b9e0a000 	C:\windows\SYSTEM32\VERSION.dll
0x00007ff8c2710000 - 0x00007ff8c277b000 	C:\windows\System32\WS2_32.dll
0x00007ff8bfeb0000 - 0x00007ff8bfec2000 	C:\windows\SYSTEM32\kernel.appcore.dll
0x00007ff8bba20000 - 0x00007ff8bba30000 	C:\Amazon Corretto\jdk11.0.9_12\bin\verify.dll
0x00007ff8b4400000 - 0x00007ff8b45e4000 	C:\windows\SYSTEM32\DBGHELP.DLL
0x00007ff8a9f70000 - 0x00007ff8a9f9c000 	C:\windows\SYSTEM32\dbgcore.DLL
0x00007ff8c1cf0000 - 0x00007ff8c1d70000 	C:\windows\System32\bcryptPrimitives.dll
0x00007ff8b95d0000 - 0x00007ff8b95f8000 	C:\Amazon Corretto\jdk11.0.9_12\bin\java.dll
0x00007ff8bba10000 - 0x00007ff8bba1a000 	C:\Amazon Corretto\jdk11.0.9_12\bin\jimage.dll
0x00007ff8bb740000 - 0x00007ff8bb757000 	C:\Amazon Corretto\jdk11.0.9_12\bin\zip.dll

dbghelp: loaded successfully - version: 4.0.5 - missing functions: none
symbol engine: initialized successfully - sym options: 0x614 - pdb path: .;C:\Amazon Corretto\jdk11.0.9_12\bin;C:\windows\SYSTEM32;C:\windows\WinSxS\amd64_microsoft.windows.common-controls_6595b64144ccf1df_6.0.19041.844_none_ca00b6081b84eb1d;C:\Amazon Corretto\jdk11.0.9_12\bin\server

VM Arguments:
jvm_args: -Dfile.encoding=GBK 
java_command: Lab2
java_class_path (initial): C:\Users\Zhang\OneDrive\AC\CST8132 OOP\LabExercise\Lab2\bin
Launcher Type: SUN_STANDARD

[Global flags]
     intx CICompilerCount                          = 4                                         {product} {ergonomic}
     uint ConcGCThreads                            = 2                                         {product} {ergonomic}
     uint G1ConcRefinementThreads                  = 8                                         {product} {ergonomic}
   size_t G1HeapRegionSize                         = 1048576                                   {product} {ergonomic}
    uintx GCDrainStackTargetSize                   = 64                                        {product} {ergonomic}
   size_t InitialHeapSize                          = 134217728                                 {product} {ergonomic}
   size_t MarkStackSize                            = 4194304                                   {product} {ergonomic}
   size_t MaxHeapSize                              = 2126512128                                {product} {ergonomic}
   size_t MinHeapDeltaBytes                        = 1048576                                   {product} {ergonomic}
    uintx NonNMethodCodeHeapSize                   = 5836300                                {pd product} {ergonomic}
    uintx NonProfiledCodeHeapSize                  = 122910970                              {pd product} {ergonomic}
    uintx ProfiledCodeHeapSize                     = 122910970                              {pd product} {ergonomic}
    uintx ReservedCodeCacheSize                    = 251658240                              {pd product} {ergonomic}
     bool SegmentedCodeCache                       = true                                      {product} {ergonomic}
     bool UseCompressedClassPointers               = true                                 {lp64_product} {ergonomic}
     bool UseCompressedOops                        = true                                 {lp64_product} {ergonomic}
     bool UseG1GC                                  = true                                      {product} {ergonomic}
     bool UseLargePagesIndividualAllocation        = false                                  {pd product} {ergonomic}

Logging:
Log output configuration:
 #0: stdout all=warning uptime,level,tags
 #1: stderr all=off uptime,level,tags

Environment Variables:
JAVA_HOME=C:\Amazon Corretto\jdk11.0.9_12
PATH=C:/Amazon Corretto/jdk11.0.9_12/bin/server;C:/Amazon Corretto/jdk11.0.9_12/bin;C:\Program Files (x86)\VMware\VMware Workstation\bin\;C:\Amazon Corretto\jdk11.0.9_12\bin;C:\WINDOWS\system32;C:\Windows;C:\Program Files (x86)\IntelSWTools\compilers_and_libraries_2016.0.110\windows\mpi\intel64\bin;C:\Windows\system32;C:\Windows\System32\Wbem;C:\Windows\System32\WindowsPowerShell\v1.0\;C:\Program Files\Intel\WiFi\bin\;C:\Program Files\Common Files\Intel\WirelessCommon\;C:\Program Files (x86)\NVIDIA Corporation\PhysX\Common;C:\WINDOWS;C:\WINDOWS\System32\Wbem;C:\WINDOWS\System32\WindowsPowerShell\v1.0\;C:\Program Files (x86)\Skype\Phone\;C:\Program Files\Microsoft SQL Server\120\Tools\Binn\;C:\Program Files\Common Files\Autodesk Shared\;C:\Program Files\NVIDIA Corporation\NVIDIA NvDLISR;C:\windows\system32;C:\windows;C:\windows\System32\Wbem;C:\windows\System32\WindowsPowerShell\v1.0\;C:\windows\System32\OpenSSH\;C:\Program Files\Git\cmd;C:\Program Files\Intel\WiFi\bin\;C:\Program Files\Common Files\Intel\WirelessCommon\;C:\Users\Zhang\AppData\Local\Microsoft\WindowsApps;C:\Users\Zhang\AppData\Local\GitHubDesktop\bin;C:\Users\Zhang\eclipse\java-2020-12\eclipse;
USERNAME=Zhang
OS=Windows_NT
PROCESSOR_IDENTIFIER=Intel64 Family 6 Model 60 Stepping 3, GenuineIntel



---------------  S Y S T E M  ---------------

OS: Windows 10 , 64 bit Build 19041 (10.0.19041.928)
OS uptime: 1 days 23:35 hours

CPU:total 8 (initial active 8) (4 cores per cpu, 2 threads per core) family 6 model 60 stepping 3, cmov, cx8, fxsr, mmx, sse, sse2, sse3, ssse3, sse4.1, sse4.2, popcnt, avx, avx2, aes, clmul, erms, lzcnt, ht, tsc, tscinvbit, bmi1, bmi2, fma

Memory: 4k page, system-wide physical 8104M (2768M free)
TotalPageFile size 9065M (AvailPageFile size 77M)
current process WorkingSet (physical memory assigned to process): 9M, peak: 9M
current process commit charge ("private bytes"): 60M, peak: 188M

vm_info: OpenJDK 64-Bit Server VM (11.0.9.1+12-LTS) for windows-amd64 JRE (11.0.9.1+12-LTS), built on Nov  4 2020 10:17:53 by "Administrator" with MS VC++ 15.9 (VS2017)

END.
